%!Adobe-FontList 1.24
%Locale:0x419

%BeginFont
Handler:DirectoryHandler
FontType:Invalid
OutlineFileName:C:\Android\SpaceInvaders\assets\Font\opel50yellow.fnt
FileModTime:1741275021
%EndFont

%BeginFont
Handler:DirectoryHandler
FontType:Invalid
OutlineFileName:C:\Android\SpaceInvaders\assets\Font\opel50yellow.png
FileModTime:1741275021
%EndFont

%BeginFont
Handler:DirectoryHandler
FontType:Invalid
OutlineFileName:C:\Android\SpaceInvaders\assets\Font\opel90gray.fnt
FileModTime:1741274962
%EndFont

%BeginFont
Handler:DirectoryHandler
FontType:Invalid
OutlineFileName:C:\Android\SpaceInvaders\assets\Font\opel90gray.png
FileModTime:1741274962
%EndFont

%BeginFont
Handler:DirectoryHandler
FontType:Invalid
OutlineFileName:C:\Android\SpaceInvaders\assets\Font\opel90yellow.fnt
FileModTime:1741274938
%EndFont

%BeginFont
Handler:DirectoryHandler
FontType:Invalid
OutlineFileName:C:\Android\SpaceInvaders\assets\Font\opel90yellow.png
FileModTime:1741274938
%EndFont

